<html>
<head>
<title>TestNG:  Test</title>
<link href="../testng.css" rel="stylesheet" type="text/css" />
<link href="../my-testng.css" rel="stylesheet" type="text/css" />

<style type="text/css">
.log { display: none;} 
.stack-trace { display: none;} 
</style>
<script type="text/javascript">
<!--
function flip(e) {
  current = e.style.display;
  if (current == 'block') {
    e.style.display = 'none';
    return 0;
  }
  else {
    e.style.display = 'block';
    return 1;
  }
}

function toggleBox(szDivId, elem, msg1, msg2)
{
  var res = -1;  if (document.getElementById) {
    res = flip(document.getElementById(szDivId));
  }
  else if (document.all) {
    // this is the way old msie versions work
    res = flip(document.all[szDivId]);
  }
  if(elem) {
    if(res == 0) elem.innerHTML = msg1; else elem.innerHTML = msg2;
  }

}

function toggleAllBoxes() {
  if (document.getElementsByTagName) {
    d = document.getElementsByTagName('div');
    for (i = 0; i < d.length; i++) {
      if (d[i].className == 'log') {
        flip(d[i]);
      }
    }
  }
}

// -->
</script>

</head>
<body>
<h2 align='center'>Test</h2><table border='1' align="center">
<tr>
<td>Tests passed/Failed/Skipped:</td><td>24/2/0</td>
</tr><tr>
<td>Started on:</td><td>Wed May 23 20:42:49 IST 2018</td>
</tr>
<tr><td>Total time:</td><td>73 seconds (73096 ms)</td>
</tr><tr>
<td>Included groups:</td><td></td>
</tr><tr>
<td>Excluded groups:</td><td></td>
</tr>
</table><p/>
<small><i>(Hover the method name to see the test class name)</i></small><p/>
<table width='100%' border='1' class='invocation-failed'>
<tr><td colspan='4' align='center'><b>FAILED TESTS</b></td></tr>
<tr><td><b>Test method</b></td>
<td width="30%"><b>Exception</b></td>
<td width="10%"><b>Time (seconds)</b></td>
<td><b>Instance</b></td>
</tr>
<tr>
<td title='testSuit.TestHomePage.testExistenceOfFeedbackButton()'><b>testExistenceOfFeedbackButton</b><br>Test class: testSuit.TestHomePage</td>
<td><div><pre>java.lang.AssertionError: Feedback button not found
	at testSuit.TestHomePage.testExistenceOfFeedbackButton(TestHomePage.java:54)
... Removed 25 stack frames</pre></div><a href='#' onClick='toggleBox("stack-trace1864116663", this, "Click to show all stack frames", "Click to hide stack frames")'>Click to show all stack frames</a>
<div class='stack-trace' id='stack-trace1864116663'><pre>java.lang.AssertionError: Feedback button not found
	at org.testng.Assert.fail(Assert.java:94)
	at testSuit.TestHomePage.testExistenceOfFeedbackButton(TestHomePage.java:54)
	at sun.reflect.NativeMethodAccessorImpl.invoke0(Native Method)
	at sun.reflect.NativeMethodAccessorImpl.invoke(Unknown Source)
	at sun.reflect.DelegatingMethodAccessorImpl.invoke(Unknown Source)
	at java.lang.reflect.Method.invoke(Unknown Source)
	at org.testng.internal.MethodInvocationHelper.invokeMethod(MethodInvocationHelper.java:85)
	at org.testng.internal.Invoker.invokeMethod(Invoker.java:639)
	at org.testng.internal.Invoker.invokeTestMethod(Invoker.java:816)
	at org.testng.internal.Invoker.invokeTestMethods(Invoker.java:1124)
	at org.testng.internal.TestMethodWorker.invokeTestMethods(TestMethodWorker.java:125)
	at org.testng.internal.TestMethodWorker.run(TestMethodWorker.java:108)
	at org.testng.TestRunner.privateRun(TestRunner.java:774)
	at org.testng.TestRunner.run(TestRunner.java:624)
	at org.testng.SuiteRunner.runTest(SuiteRunner.java:359)
	at org.testng.SuiteRunner.runSequentially(SuiteRunner.java:354)
	at org.testng.SuiteRunner.privateRun(SuiteRunner.java:312)
	at org.testng.SuiteRunner.run(SuiteRunner.java:261)
	at org.testng.SuiteRunnerWorker.runSuite(SuiteRunnerWorker.java:52)
	at org.testng.SuiteRunnerWorker.run(SuiteRunnerWorker.java:86)
	at org.testng.TestNG.runSuitesSequentially(TestNG.java:1215)
	at org.testng.TestNG.runSuitesLocally(TestNG.java:1140)
	at org.testng.TestNG.run(TestNG.java:1048)
	at org.testng.remote.AbstractRemoteTestNG.run(AbstractRemoteTestNG.java:114)
	at org.testng.remote.RemoteTestNG.initAndRun(RemoteTestNG.java:251)
	at org.testng.remote.RemoteTestNG.main(RemoteTestNG.java:77)
</pre></div></td>
<td>15</td>
<td>testSuit.TestHomePage@5622fdf</td></tr>
<tr>
<td title='testSuit.TestHomePage.validateHomePageTitle()'><b>validateHomePageTitle</b><br>Test class: testSuit.TestHomePage</td>
<td><div><pre>java.lang.AssertionError: Wrong home page title is coming
	at testSuit.TestHomePage.validateHomePageTitle(TestHomePage.java:71)
... Removed 25 stack frames</pre></div><a href='#' onClick='toggleBox("stack-trace1275143523", this, "Click to show all stack frames", "Click to hide stack frames")'>Click to show all stack frames</a>
<div class='stack-trace' id='stack-trace1275143523'><pre>java.lang.AssertionError: Wrong home page title is coming
	at org.testng.Assert.fail(Assert.java:94)
	at testSuit.TestHomePage.validateHomePageTitle(TestHomePage.java:71)
	at sun.reflect.NativeMethodAccessorImpl.invoke0(Native Method)
	at sun.reflect.NativeMethodAccessorImpl.invoke(Unknown Source)
	at sun.reflect.DelegatingMethodAccessorImpl.invoke(Unknown Source)
	at java.lang.reflect.Method.invoke(Unknown Source)
	at org.testng.internal.MethodInvocationHelper.invokeMethod(MethodInvocationHelper.java:85)
	at org.testng.internal.Invoker.invokeMethod(Invoker.java:639)
	at org.testng.internal.Invoker.invokeTestMethod(Invoker.java:816)
	at org.testng.internal.Invoker.invokeTestMethods(Invoker.java:1124)
	at org.testng.internal.TestMethodWorker.invokeTestMethods(TestMethodWorker.java:125)
	at org.testng.internal.TestMethodWorker.run(TestMethodWorker.java:108)
	at org.testng.TestRunner.privateRun(TestRunner.java:774)
	at org.testng.TestRunner.run(TestRunner.java:624)
	at org.testng.SuiteRunner.runTest(SuiteRunner.java:359)
	at org.testng.SuiteRunner.runSequentially(SuiteRunner.java:354)
	at org.testng.SuiteRunner.privateRun(SuiteRunner.java:312)
	at org.testng.SuiteRunner.run(SuiteRunner.java:261)
	at org.testng.SuiteRunnerWorker.runSuite(SuiteRunnerWorker.java:52)
	at org.testng.SuiteRunnerWorker.run(SuiteRunnerWorker.java:86)
	at org.testng.TestNG.runSuitesSequentially(TestNG.java:1215)
	at org.testng.TestNG.runSuitesLocally(TestNG.java:1140)
	at org.testng.TestNG.run(TestNG.java:1048)
	at org.testng.remote.AbstractRemoteTestNG.run(AbstractRemoteTestNG.java:114)
	at org.testng.remote.RemoteTestNG.initAndRun(RemoteTestNG.java:251)
	at org.testng.remote.RemoteTestNG.main(RemoteTestNG.java:77)
</pre></div></td>
<td>0</td>
<td>testSuit.TestHomePage@5622fdf</td></tr>
</table><p>
<table width='100%' border='1' class='invocation-passed'>
<tr><td colspan='4' align='center'><b>PASSED TESTS</b></td></tr>
<tr><td><b>Test method</b></td>
<td width="30%"><b>Exception</b></td>
<td width="10%"><b>Time (seconds)</b></td>
<td><b>Instance</b></td>
</tr>
<tr>
<td title='testSuit.TestAddDiscussion.testAddDiscussion()'><b>testAddDiscussion</b><br>Test class: testSuit.TestAddDiscussion</td>
<td></td>
<td>0</td>
<td>testSuit.TestAddDiscussion@4883b407</td></tr>
<tr>
<td title='testSuit.TestMyFollowing.testAnswerAction()'><b>testAnswerAction</b><br>Test class: testSuit.TestMyFollowing</td>
<td></td>
<td>0</td>
<td>testSuit.TestMyFollowing@6093dd95</td></tr>
<tr>
<td title='testSuit.TestMyFollowing.testFollowActionOnCategoryScreen()'><b>testFollowActionOnCategoryScreen</b><br>Test class: testSuit.TestMyFollowing</td>
<td></td>
<td>0</td>
<td>testSuit.TestMyFollowing@6093dd95</td></tr>
<tr>
<td title='testSuit.TestAddDiscussion.testFrontEndValidations()'><b>testFrontEndValidations</b><br>Test class: testSuit.TestAddDiscussion</td>
<td></td>
<td>0</td>
<td>testSuit.TestAddDiscussion@4883b407</td></tr>
<tr>
<td title='testSuit.TestHomePage.testHomePageTabSwitching()'><b>testHomePageTabSwitching</b><br>Test class: testSuit.TestHomePage</td>
<td></td>
<td>0</td>
<td>testSuit.TestHomePage@5622fdf</td></tr>
<tr>
<td title='testSuit.KnowledgeBaseLoginTest.testLoginWithInvalidCrerdentialsInMobicontrol()'><b>testLoginWithInvalidCrerdentialsInMobicontrol</b><br>Test class: testSuit.KnowledgeBaseLoginTest</td>
<td></td>
<td>16</td>
<td>testSuit.KnowledgeBaseLoginTest@6d4b1c02</td></tr>
<tr>
<td title='testSuit.KnowledgeBaseLoginTest.testLoginWithValidCredentialsInMobiControl()'><b>testLoginWithValidCredentialsInMobiControl</b><br>Test class: testSuit.KnowledgeBaseLoginTest</td>
<td></td>
<td>15</td>
<td>testSuit.KnowledgeBaseLoginTest@6d4b1c02</td></tr>
<tr>
<td title='testSuit.TestMyFollowing.testPageTitle()'><b>testPageTitle</b><br>Test class: testSuit.TestMyFollowing</td>
<td></td>
<td>0</td>
<td>testSuit.TestMyFollowing@6093dd95</td></tr>
<tr>
<td title='testSuit.TestMyFollowing.testPostStats()'><b>testPostStats</b><br>Test class: testSuit.TestMyFollowing</td>
<td></td>
<td>0</td>
<td>testSuit.TestMyFollowing@6093dd95</td></tr>
<tr>
<td title='testSuit.TestHomePage.testRedirectionToActivity()'><b>testRedirectionToActivity</b><br>Test class: testSuit.TestHomePage</td>
<td></td>
<td>0</td>
<td>testSuit.TestHomePage@5622fdf</td></tr>
<tr>
<td title='testSuit.TestHomePage.testRedirectionToBadges()'><b>testRedirectionToBadges</b><br>Test class: testSuit.TestHomePage</td>
<td></td>
<td>0</td>
<td>testSuit.TestHomePage@5622fdf</td></tr>
<tr>
<td title='testSuit.TestHomePage.testRedirectionToCategoryFromCategorySection()'><b>testRedirectionToCategoryFromCategorySection</b><br>Test class: testSuit.TestHomePage</td>
<td></td>
<td>0</td>
<td>testSuit.TestHomePage@5622fdf</td></tr>
<tr>
<td title='testSuit.TestHomePage.testRedirectionToCategoryPageFromQuestionsCategory()'><b>testRedirectionToCategoryPageFromQuestionsCategory</b><br>Test class: testSuit.TestHomePage</td>
<td></td>
<td>0</td>
<td>testSuit.TestHomePage@5622fdf</td></tr>
<tr>
<td title='testSuit.TestMyFollowing.testRedirectionToCategoryScreen()'><b>testRedirectionToCategoryScreen</b><br>Test class: testSuit.TestMyFollowing</td>
<td></td>
<td>0</td>
<td>testSuit.TestMyFollowing@6093dd95</td></tr>
<tr>
<td title='testSuit.TestHomePage.testRedirectionToLeaderBoard()'><b>testRedirectionToLeaderBoard</b><br>Test class: testSuit.TestHomePage</td>
<td></td>
<td>0</td>
<td>testSuit.TestHomePage@5622fdf</td></tr>
<tr>
<td title='testSuit.TestMyFollowing.testRedirectionToPost()'><b>testRedirectionToPost</b><br>Test class: testSuit.TestMyFollowing</td>
<td></td>
<td>0</td>
<td>testSuit.TestMyFollowing@6093dd95</td></tr>
<tr>
<td title='testSuit.TestHomePage.testRedirectionToPost()'><b>testRedirectionToPost</b><br>Test class: testSuit.TestHomePage</td>
<td></td>
<td>0</td>
<td>testSuit.TestHomePage@5622fdf</td></tr>
<tr>
<td title='testSuit.TestHomePage.testRedirectionToTagPageFromTagsSection()'><b>testRedirectionToTagPageFromTagsSection</b><br>Test class: testSuit.TestHomePage</td>
<td></td>
<td>0</td>
<td>testSuit.TestHomePage@5622fdf</td></tr>
<tr>
<td title='testSuit.TestMyFollowing.testRedirectitonToUserProfile()'><b>testRedirectitonToUserProfile</b><br>Test class: testSuit.TestMyFollowing</td>
<td></td>
<td>0</td>
<td>testSuit.TestMyFollowing@6093dd95</td></tr>
<tr>
<td title='testSuit.TestHomePage.testSearchAutoSuggestFeature()'><b>testSearchAutoSuggestFeature</b><br>Test class: testSuit.TestHomePage</td>
<td></td>
<td>0</td>
<td>testSuit.TestHomePage@5622fdf</td></tr>
<tr>
<td title='testSuit.TestHomePage.testSearchWithRandomText()'><b>testSearchWithRandomText</b><br>Test class: testSuit.TestHomePage</td>
<td></td>
<td>0</td>
<td>testSuit.TestHomePage@5622fdf</td></tr>
<tr>
<td title='testSuit.TestMyFollowing.testTabSwitching()'><b>testTabSwitching</b><br>Test class: testSuit.TestMyFollowing</td>
<td></td>
<td>0</td>
<td>testSuit.TestMyFollowing@6093dd95</td></tr>
<tr>
<td title='testSuit.TestMyFollowing.testUnFollowActionOnDiscussionsTab()'><b>testUnFollowActionOnDiscussionsTab</b><br>Test class: testSuit.TestMyFollowing</td>
<td></td>
<td>0</td>
<td>testSuit.TestMyFollowing@6093dd95</td></tr>
<tr>
<td title='testSuit.TestMyFollowing.testUpvoteAction()'><b>testUpvoteAction</b><br>Test class: testSuit.TestMyFollowing</td>
<td></td>
<td>0</td>
<td>testSuit.TestMyFollowing@6093dd95</td></tr>
</table><p>
</body>
</html>